# JRE version: OpenJDK Runtime Environment (8.0_242-b01) (build 1.8.0_242-release-1644-b01)
# Java VM: OpenJDK 64-Bit Server VM (25.242-b01 mixed mode windows-amd64 compressed oops)
Heap:
 PSYoungGen      total 481280K, used 260225K [0x00000000d5580000, 0x00000000fc680000, 0x0000000100000000)
  eden space 361984K, 52% used [0x00000000d5580000,0x00000000e0d792d8,0x00000000eb700000)
  from space 119296K, 60% used [0x00000000eb700000,0x00000000efd27360,0x00000000f2b80000)
  to   space 122880K, 0% used [0x00000000f4e80000,0x00000000f4e80000,0x00000000fc680000)
 ParOldGen       total 463872K, used 363150K [0x0000000080000000, 0x000000009c500000, 0x00000000d5580000)
  object space 463872K, 78% used [0x0000000080000000,0x00000000962a3b08,0x000000009c500000)
 Metaspace       used 128344K, capacity 133702K, committed 133800K, reserved 1165312K
  class space    used 16264K, capacity 17299K, committed 17344K, reserved 1048576K
GC Heap History (10 events):
Event: 37.037 GC heap before
{Heap before GC invocations=26 (full 5):
 PSYoungGen      total 396288K, used 376670K [0x00000000d5580000, 0x00000000f4280000, 0x0000000100000000)
  eden space 311296K, 100% used [0x00000000d5580000,0x00000000e8580000,0x00000000e8580000)
  from space 84992K, 76% used [0x00000000eef80000,0x00000000f2f57bc8,0x00000000f4280000)
  to   space 96768K, 0% used [0x00000000e8580000,0x00000000e8580000,0x00000000ee400000)
 ParOldGen       total 463872K, used 237161K [0x0000000080000000, 0x000000009c500000, 0x00000000d5580000)
  object space 463872K, 51% used [0x0000000080000000,0x000000008e79a4d8,0x000000009c500000)
 Metaspace       used 110374K, capacity 114804K, committed 115496K, reserved 1148928K
  class space    used 14376K, capacity 15241K, committed 15424K, reserved 1048576K
Event: 37.092 GC heap after
Heap after GC invocations=26 (full 5):
 PSYoungGen      total 408064K, used 12275K [0x00000000d5580000, 0x00000000f7100000, 0x0000000100000000)
  eden space 311296K, 0% used [0x00000000d5580000,0x00000000d5580000,0x00000000e8580000)
  from space 96768K, 12% used [0x00000000e8580000,0x00000000e917cd58,0x00000000ee400000)
  to   space 94208K, 0% used [0x00000000f1500000,0x00000000f1500000,0x00000000f7100000)
 ParOldGen       total 463872K, used 296007K [0x0000000080000000, 0x000000009c500000, 0x00000000d5580000)
  object space 463872K, 63% used [0x0000000080000000,0x0000000092111c40,0x000000009c500000)
 Metaspace       used 110374K, capacity 114804K, committed 115496K, reserved 1148928K
  class space    used 14376K, capacity 15241K, committed 15424K, reserved 1048576K
}
Event: 301.288 GC heap before
{Heap before GC invocations=27 (full 5):
 PSYoungGen      total 408064K, used 323571K [0x00000000d5580000, 0x00000000f7100000, 0x0000000100000000)
  eden space 311296K, 100% used [0x00000000d5580000,0x00000000e8580000,0x00000000e8580000)
  from space 96768K, 12% used [0x00000000e8580000,0x00000000e917cd58,0x00000000ee400000)
  to   space 94208K, 0% used [0x00000000f1500000,0x00000000f1500000,0x00000000f7100000)
 ParOldGen       total 463872K, used 296007K [0x0000000080000000, 0x000000009c500000, 0x00000000d5580000)
  object space 463872K, 63% used [0x0000000080000000,0x0000000092111c40,0x000000009c500000)
 Metaspace       used 116698K, capacity 121462K, committed 121768K, reserved 1155072K
  class space    used 15050K, capacity 16010K, committed 16064K, reserved 1048576K
Event: 301.303 GC heap after
Heap after GC invocations=27 (full 5):
 PSYoungGen      total 431616K, used 26021K [0x00000000d5580000, 0x00000000f5f00000, 0x0000000100000000)
  eden space 355840K, 0% used [0x00000000d5580000,0x00000000d5580000,0x00000000eb100000)
  from space 75776K, 34% used [0x00000000f1500000,0x00000000f2e69698,0x00000000f5f00000)
  to   space 89088K, 0% used [0x00000000eb100000,0x00000000eb100000,0x00000000f0800000)
 ParOldGen       total 463872K, used 296015K [0x0000000080000000, 0x000000009c500000, 0x00000000d5580000)
  object space 463872K, 63% used [0x0000000080000000,0x0000000092113c40,0x000000009c500000)
 Metaspace       used 116698K, capacity 121462K, committed 121768K, reserved 1155072K
  class space    used 15050K, capacity 16010K, committed 16064K, reserved 1048576K
}
Event: 1424.831 GC heap before
{Heap before GC invocations=28 (full 5):
 PSYoungGen      total 431616K, used 381861K [0x00000000d5580000, 0x00000000f5f00000, 0x0000000100000000)
  eden space 355840K, 100% used [0x00000000d5580000,0x00000000eb100000,0x00000000eb100000)
  from space 75776K, 34% used [0x00000000f1500000,0x00000000f2e69698,0x00000000f5f00000)
  to   space 89088K, 0% used [0x00000000eb100000,0x00000000eb100000,0x00000000f0800000)
 ParOldGen       total 463872K, used 296015K [0x0000000080000000, 0x000000009c500000, 0x00000000d5580000)
  object space 463872K, 63% used [0x0000000080000000,0x0000000092113c40,0x000000009c500000)
 Metaspace       used 117527K, capacity 122558K, committed 122920K, reserved 1157120K
  class space    used 15087K, capacity 16080K, committed 16192K, reserved 1048576K
Event: 1424.868 GC heap after
Heap after GC invocations=28 (full 5):
 PSYoungGen      total 444928K, used 27972K [0x00000000d5580000, 0x00000000f7d80000, 0x0000000100000000)
  eden space 355840K, 0% used [0x00000000d5580000,0x00000000d5580000,0x00000000eb100000)
  from space 89088K, 31% used [0x00000000eb100000,0x00000000ecc510e8,0x00000000f0800000)
  to   space 83968K, 0% used [0x00000000f2b80000,0x00000000f2b80000,0x00000000f7d80000)
 ParOldGen       total 463872K, used 296023K [0x0000000080000000, 0x000000009c500000, 0x00000000d5580000)
  object space 463872K, 63% used [0x0000000080000000,0x0000000092115c40,0x000000009c500000)
 Metaspace       used 117527K, capacity 122558K, committed 122920K, reserved 1157120K
  class space    used 15087K, capacity 16080K, committed 16192K, reserved 1048576K
}
Event: 1427.092 GC heap before
{Heap before GC invocations=29 (full 5):
 PSYoungGen      total 444928K, used 383812K [0x00000000d5580000, 0x00000000f7d80000, 0x0000000100000000)
  eden space 355840K, 100% used [0x00000000d5580000,0x00000000eb100000,0x00000000eb100000)
  from space 89088K, 31% used [0x00000000eb100000,0x00000000ecc510e8,0x00000000f0800000)
  to   space 83968K, 0% used [0x00000000f2b80000,0x00000000f2b80000,0x00000000f7d80000)
 ParOldGen       total 463872K, used 296023K [0x0000000080000000, 0x000000009c500000, 0x00000000d5580000)
  object space 463872K, 63% used [0x0000000080000000,0x0000000092115c40,0x000000009c500000)
 Metaspace       used 127130K, capacity 132306K, committed 132648K, reserved 1165312K
  class space    used 16148K, capacity 17154K, committed 17216K, reserved 1048576K
Event: 1427.222 GC heap after
Heap after GC invocations=29 (full 5):
 PSYoungGen      total 445952K, used 83945K [0x00000000d5580000, 0x00000000fcc00000, 0x0000000100000000)
  eden space 361984K, 0% used [0x00000000d5580000,0x00000000d5580000,0x00000000eb700000)
  from space 83968K, 99% used [0x00000000f2b80000,0x00000000f7d7a438,0x00000000f7d80000)
  to   space 119296K, 0% used [0x00000000eb700000,0x00000000eb700000,0x00000000f2b80000)
 ParOldGen       total 463872K, used 353125K [0x0000000080000000, 0x000000009c500000, 0x00000000d5580000)
  object space 463872K, 76% used [0x0000000080000000,0x00000000958d9678,0x000000009c500000)
 Metaspace       used 127130K, capacity 132306K, committed 132648K, reserved 1165312K
  class space    used 16148K, capacity 17154K, committed 17216K, reserved 1048576K
}
Event: 1858.919 GC heap before
{Heap before GC invocations=30 (full 5):
 PSYoungGen      total 445952K, used 445929K [0x00000000d5580000, 0x00000000fcc00000, 0x0000000100000000)
  eden space 361984K, 100% used [0x00000000d5580000,0x00000000eb700000,0x00000000eb700000)
  from space 83968K, 99% used [0x00000000f2b80000,0x00000000f7d7a438,0x00000000f7d80000)
  to   space 119296K, 0% used [0x00000000eb700000,0x00000000eb700000,0x00000000f2b80000)
 ParOldGen       total 463872K, used 353125K [0x0000000080000000, 0x000000009c500000, 0x00000000d5580000)
  object space 463872K, 76% used [0x0000000080000000,0x00000000958d9678,0x000000009c500000)
 Metaspace       used 128193K, capacity 133422K, committed 133544K, reserved 1165312K
  class space    used 16251K, capacity 17274K, committed 17344K, reserved 1048576K
Event: 1858.991 GC heap after
Heap after GC invocations=30 (full 5):
 PSYoungGen      total 481280K, used 71836K [0x00000000d5580000, 0x00000000fc680000, 0x0000000100000000)
  eden space 361984K, 0% used [0x00000000d5580000,0x00000000d5580000,0x00000000eb700000)
  from space 119296K, 60% used [0x00000000eb700000,0x00000000efd27360,0x00000000f2b80000)
  to   space 122880K, 0% used [0x00000000f4e80000,0x00000000f4e80000,0x00000000fc680000)
 ParOldGen       total 463872K, used 363150K [0x0000000080000000, 0x000000009c500000, 0x00000000d5580000)
  object space 463872K, 78% used [0x0000000080000000,0x00000000962a3b08,0x000000009c500000)
 Metaspace       used 128193K, capacity 133422K, committed 133544K, reserved 1165312K
  class space    used 16251K, capacity 17274K, committed 17344K, reserved 1048576K
}

